<?xml version="1.0" encoding="UTF-8"?>
<!-- Generated by org.testng.reporters.JUnitReportReporter -->
<testsuite hostname="DESKTOP-H0PI4DT" failures="0" tests="1" name="log4jExample.SendMessageAppTestOnRealDevices_Exercise" time="54.768" errors="0" timestamp="2022-05-09T19:42:17 IST" skipped="0">
  <testcase classname="log4jExample.SendMessageAppTestOnRealDevices_Exercise" name="addThreeDigitTest" time="54.768"/>
  <system-out/>
</testsuite> <!-- log4jExample.SendMessageAppTestOnRealDevices_Exercise -->
