<?xml version="1.0" encoding="UTF-8"?>
<!-- Generated by org.testng.reporters.JUnitReportReporter -->
<testsuite hostname="DESKTOP-H0PI4DT" failures="0" tests="4" name="restAssuredAPITestExample.RESTAPI_GET_Test" time="4.915" errors="0" timestamp="2022-05-03T21:57:10 IST" skipped="0">
  <testcase classname="restAssuredAPITestExample.RESTAPI_GET_Test" name="test_01_listUser" time="4.903"/>
  <system-out/>
  <testcase classname="restAssuredAPITestExample.RESTAPI_GET_Test" name="verifyStatusCode" time="0.008"/>
  <system-out/>
  <testcase classname="restAssuredAPITestExample.RESTAPI_GET_Test" name="verifyStatusLine" time="0.003"/>
  <system-out/>
  <testcase classname="restAssuredAPITestExample.RESTAPI_GET_Test" name="verifyHeaderContentType" time="0.001"/>
  <system-out/>
</testsuite> <!-- restAssuredAPITestExample.RESTAPI_GET_Test -->
