<?xml version="1.0" encoding="UTF-8"?>
<!-- Generated by org.testng.reporters.JUnitReportReporter -->
<testsuite hostname="DESKTOP-H0PI4DT" failures="0" tests="1" name="appiumMobileAutomationExample.DailorAppTestOnVirtualDevices" time="0.241" errors="0" timestamp="2022-05-04T21:58:56 IST" skipped="0">
  <testcase classname="appiumMobileAutomationExample.DailorAppTestOnVirtualDevices" name="addTest" time="0.241"/>
  <system-out/>
</testsuite> <!-- appiumMobileAutomationExample.DailorAppTestOnVirtualDevices -->
