<?xml version="1.0" encoding="UTF-8"?>
<!-- Generated by org.testng.reporters.JUnitReportReporter -->
<testsuite hostname="DESKTOP-H0PI4DT" failures="0" tests="1" name="appiumMobileAutomationExample.WebApp_AmazonSearchTestOn_CloudDevice" time="62.927" errors="0" timestamp="2022-05-09T22:06:16 IST" skipped="0">
  <testcase classname="appiumMobileAutomationExample.WebApp_AmazonSearchTestOn_CloudDevice" name="addSearchItemsOnAmazonTest" time="62.927"/>
  <system-out/>
</testsuite> <!-- appiumMobileAutomationExample.WebApp_AmazonSearchTestOn_CloudDevice -->
