<?xml version="1.0" encoding="UTF-8"?>
<!-- Generated by org.testng.reporters.JUnitReportReporter -->
<testsuite hostname="DESKTOP-H0PI4DT" failures="0" tests="1" name="handleWindowsIRCTCExample.IRCTWindowTest" time="9.140" errors="0" timestamp="2022-04-29T22:38:36 IST" skipped="0">
  <testcase classname="handleWindowsIRCTCExample.IRCTWindowTest" name="SwitchingTestCase1" time="9.140"/>
  <system-out/>
</testsuite> <!-- handleWindowsIRCTCExample.IRCTWindowTest -->
