<?xml version="1.0" encoding="UTF-8"?>
<!-- Generated by org.testng.reporters.JUnitReportReporter -->
<testsuite hostname="DESKTOP-H0PI4DT" failures="0" tests="1" name="browser.ChromeOption_Headless" time="10.427" errors="0" timestamp="2022-05-03T20:28:37 IST" skipped="0">
  <testcase classname="browser.ChromeOption_Headless" name="ListBox_Handling" time="10.427"/>
  <system-out/>
</testsuite> <!-- browser.ChromeOption_Headless -->
