<?xml version="1.0" encoding="UTF-8"?>
<!-- Generated by org.testng.reporters.JUnitReportReporter -->
<testsuite hostname="DESKTOP-H0PI4DT" failures="0" tests="2" name="appiumMobileAutomationExample.MobileAutomation_RealDevice_touchActionExample" time="20.593" errors="1" timestamp="2022-05-06T21:19:17 IST" skipped="0">
  <testcase classname="appiumMobileAutomationExample.MobileAutomation_RealDevice_touchActionExample" name="closeApp" time="15.346">
    <error message="The requested resource could not be found, or a request was received using an HTTP method that is not supported by the mapped resource
Build info: version: &#039;3.141.59&#039;, revision: &#039;e82be7d358&#039;, time: &#039;2018-11-14T08:17:03&#039;
System info: host: &#039;DESKTOP-H0PI4DT&#039;, ip: &#039;192.168.1.5&#039;, os.name: &#039;Windows 10&#039;, os.arch: &#039;amd64&#039;, os.version: &#039;10.0&#039;, java.version: &#039;16.0.2&#039;
Driver info: io.appium.java_client.android.AndroidDriver
Capabilities {app: D:\Jar_files\ApiDemos-debug..., appPackage: io.appium.android.apis, automationName: UiAutomator2, databaseEnabled: false, desired: {app: D:\Jar_files\ApiDemos-debug..., automationName: UiAutomator2, deviceName: TCSGameMachine, noReset: true, platformName: android, platformVersion: 12.0, udid: c60c1a73}, deviceApiLevel: 31, deviceManufacturer: OPPO, deviceModel: CPH2263, deviceName: c60c1a73, deviceScreenDensity: 480, deviceScreenSize: 1080x2400, deviceUDID: c60c1a73, javascriptEnabled: true, locationContextEnabled: false, networkConnectionEnabled: true, noReset: true, pixelRatio: 3, platform: LINUX, platformName: Android, platformVersion: 12, statBarHeight: 110, takesScreenshot: true, udid: c60c1a73, viewportRect: {height: 2048, left: 0, top: 110, width: 1080}, warnings: {}, webStorageEnabled: false}
Session ID: c91adc8e-0e13-4e21-896b-e55cc02f2249" type="org.openqa.selenium.UnsupportedCommandException">
      <![CDATA[org.openqa.selenium.UnsupportedCommandException: The requested resource could not be found, or a request was received using an HTTP method that is not supported by the mapped resource
Build info: version: '3.141.59', revision: 'e82be7d358', time: '2018-11-14T08:17:03'
System info: host: 'DESKTOP-H0PI4DT', ip: '192.168.1.5', os.name: 'Windows 10', os.arch: 'amd64', os.version: '10.0', java.version: '16.0.2'
Driver info: io.appium.java_client.android.AndroidDriver
Capabilities {app: D:\Jar_files\ApiDemos-debug..., appPackage: io.appium.android.apis, automationName: UiAutomator2, databaseEnabled: false, desired: {app: D:\Jar_files\ApiDemos-debug..., automationName: UiAutomator2, deviceName: TCSGameMachine, noReset: true, platformName: android, platformVersion: 12.0, udid: c60c1a73}, deviceApiLevel: 31, deviceManufacturer: OPPO, deviceModel: CPH2263, deviceName: c60c1a73, deviceScreenDensity: 480, deviceScreenSize: 1080x2400, deviceUDID: c60c1a73, javascriptEnabled: true, locationContextEnabled: false, networkConnectionEnabled: true, noReset: true, pixelRatio: 3, platform: LINUX, platformName: Android, platformVersion: 12, statBarHeight: 110, takesScreenshot: true, udid: c60c1a73, viewportRect: {height: 2048, left: 0, top: 110, width: 1080}, warnings: {}, webStorageEnabled: false}
Session ID: c91adc8e-0e13-4e21-896b-e55cc02f2249
at java.base/jdk.internal.reflect.NativeConstructorAccessorImpl.newInstance0(Native Method)
at java.base/jdk.internal.reflect.NativeConstructorAccessorImpl.newInstance(NativeConstructorAccessorImpl.java:78)
at java.base/jdk.internal.reflect.DelegatingConstructorAccessorImpl.newInstance(DelegatingConstructorAccessorImpl.java:45)
at java.base/java.lang.reflect.Constructor.newInstanceWithCaller(Constructor.java:499)
at java.base/java.lang.reflect.Constructor.newInstance(Constructor.java:480)
at org.openqa.selenium.remote.http.W3CHttpResponseCodec.createException(W3CHttpResponseCodec.java:187)
at org.openqa.selenium.remote.http.W3CHttpResponseCodec.decode(W3CHttpResponseCodec.java:122)
at org.openqa.selenium.remote.http.W3CHttpResponseCodec.decode(W3CHttpResponseCodec.java:49)
at org.openqa.selenium.remote.HttpCommandExecutor.execute(HttpCommandExecutor.java:158)
at io.appium.java_client.remote.AppiumCommandExecutor.execute(AppiumCommandExecutor.java:247)
at org.openqa.selenium.remote.RemoteWebDriver.execute(RemoteWebDriver.java:552)
at io.appium.java_client.DefaultGenericMobileDriver.execute(DefaultGenericMobileDriver.java:45)
at io.appium.java_client.AppiumDriver.execute(AppiumDriver.java:1)
at io.appium.java_client.android.AndroidDriver.execute(AndroidDriver.java:1)
at org.openqa.selenium.remote.RemoteWebDriver.close(RemoteWebDriver.java:442)
at appiumMobileAutomationExample.MobileAutomation_RealDevice_touchActionExample.closeApp(MobileAutomation_RealDevice_touchActionExample.java:79)
at java.base/jdk.internal.reflect.NativeMethodAccessorImpl.invoke0(Native Method)
at java.base/jdk.internal.reflect.NativeMethodAccessorImpl.invoke(NativeMethodAccessorImpl.java:78)
at java.base/jdk.internal.reflect.DelegatingMethodAccessorImpl.invoke(DelegatingMethodAccessorImpl.java:43)
at java.base/java.lang.reflect.Method.invoke(Method.java:567)
at org.testng.internal.MethodInvocationHelper.invokeMethod(MethodInvocationHelper.java:133)
at org.testng.internal.MethodInvocationHelper.invokeMethodConsideringTimeout(MethodInvocationHelper.java:62)
at org.testng.internal.ConfigInvoker.invokeConfigurationMethod(ConfigInvoker.java:385)
at org.testng.internal.ConfigInvoker.invokeConfigurations(ConfigInvoker.java:321)
at org.testng.TestRunner.invokeTestConfigurations(TestRunner.java:637)
at org.testng.TestRunner.afterRun(TestRunner.java:877)
at org.testng.TestRunner.run(TestRunner.java:599)
at org.testng.SuiteRunner.runTest(SuiteRunner.java:377)
at org.testng.SuiteRunner.runSequentially(SuiteRunner.java:371)
at org.testng.SuiteRunner.privateRun(SuiteRunner.java:332)
at org.testng.SuiteRunner.run(SuiteRunner.java:276)
at org.testng.SuiteRunnerWorker.runSuite(SuiteRunnerWorker.java:53)
at org.testng.SuiteRunnerWorker.run(SuiteRunnerWorker.java:96)
at org.testng.TestNG.runSuitesSequentially(TestNG.java:1212)
at org.testng.TestNG.runSuitesLocally(TestNG.java:1134)
at org.testng.TestNG.runSuites(TestNG.java:1063)
at org.testng.TestNG.run(TestNG.java:1031)
at org.testng.remote.AbstractRemoteTestNG.run(AbstractRemoteTestNG.java:115)
at org.testng.remote.RemoteTestNG.initAndRun(RemoteTestNG.java:251)
at org.testng.remote.RemoteTestNG.main(RemoteTestNG.java:77)
]]>
    </error>
  </testcase> <!-- closeApp -->
  <system-out/>
  <testcase classname="appiumMobileAutomationExample.MobileAutomation_RealDevice_touchActionExample" name="verifyTapOperationOnOS" time="5.247"/>
  <system-out/>
</testsuite> <!-- appiumMobileAutomationExample.MobileAutomation_RealDevice_touchActionExample -->
