<?xml version="1.0" encoding="UTF-8"?>
<!-- Generated by org.testng.reporters.JUnitReportReporter -->
<testsuite hostname="DESKTOP-H0PI4DT" failures="0" tests="1" name="excelFileExample.RegisterStudentExcelTest" time="208.098" errors="0" timestamp="2022-04-26T22:23:02 IST" skipped="0">
  <testcase classname="excelFileExample.RegisterStudentExcelTest" name="RegistrationDataDrivernTest" time="208.098"/>
  <system-out/>
</testsuite> <!-- excelFileExample.RegisterStudentExcelTest -->
