<?xml version="1.0" encoding="UTF-8"?>
<!-- Generated by org.testng.reporters.JUnitReportReporter -->
<testsuite hostname="DESKTOP-H0PI4DT" failures="0" tests="1" name="sauceLabIntegrationExample.MobileAutomation_RealDevice_AmazonTestWebApp" time="81.402" errors="0" timestamp="2022-05-09T18:20:15 IST" skipped="0">
  <testcase classname="sauceLabIntegrationExample.MobileAutomation_RealDevice_AmazonTestWebApp" name="verifySearchFeature" time="81.402"/>
  <system-out/>
</testsuite> <!-- sauceLabIntegrationExample.MobileAutomation_RealDevice_AmazonTestWebApp -->
