<?xml version="1.0" encoding="UTF-8"?>
<!-- Generated by org.testng.reporters.JUnitReportReporter -->
<testsuite hostname="DESKTOP-H0PI4DT" failures="0" tests="2" name="gridExample.HRMLogintestGridExample" time="13.541" errors="0" timestamp="2022-04-26T20:20:59 IST" skipped="0">
  <testcase classname="gridExample.HRMLogintestGridExample" name="loginWithValidUserDetails" time="7.507"/>
  <system-out/>
  <testcase classname="gridExample.HRMLogintestGridExample" name="loginWithValidUserDetails" time="6.034"/>
  <system-out/>
</testsuite> <!-- gridExample.HRMLogintestGridExample -->
