<?xml version="1.0" encoding="UTF-8"?>
<!-- Generated by org.testng.reporters.JUnitReportReporter -->
<testsuite hostname="DESKTOP-H0PI4DT" failures="0" tests="1" name="appiumMobileAutomationExample.ContactAppTestOnRealDevices" time="14.521" errors="0" timestamp="2022-05-06T14:36:02 IST" skipped="0">
  <testcase classname="appiumMobileAutomationExample.ContactAppTestOnRealDevices" name="addThreeDigitTest" time="14.521"/>
  <system-out/>
</testsuite> <!-- appiumMobileAutomationExample.ContactAppTestOnRealDevices -->
