<?xml version="1.0" encoding="UTF-8"?>
<!-- Generated by org.testng.reporters.JUnitReportReporter -->
<testsuite hostname="DESKTOP-H0PI4DT" failures="0" tests="1" name="appiumMobileAutomationExample.WebApp_AmazonSearchTestOnRealDevices" time="20.794" errors="0" timestamp="2022-05-09T21:02:43 IST" skipped="0">
  <testcase classname="appiumMobileAutomationExample.WebApp_AmazonSearchTestOnRealDevices" name="addContactTest" time="20.794"/>
  <system-out/>
</testsuite> <!-- appiumMobileAutomationExample.WebApp_AmazonSearchTestOnRealDevices -->
