<?xml version="1.0" encoding="UTF-8"?>
<!-- Generated by org.testng.reporters.JUnitReportReporter -->
<testsuite hostname="DESKTOP-H0PI4DT" failures="0" tests="1" name="appiumMobileAutomationExample.DemoAppTestOnRealDevices_APKFileScroll" time="15.035" errors="0" timestamp="2022-05-06T18:25:59 IST" skipped="0">
  <testcase classname="appiumMobileAutomationExample.DemoAppTestOnRealDevices_APKFileScroll" name="verifyViewFeature" time="15.035"/>
  <system-out/>
</testsuite> <!-- appiumMobileAutomationExample.DemoAppTestOnRealDevices_APKFileScroll -->
