<?xml version="1.0" encoding="UTF-8"?>
<!-- Generated by org.testng.reporters.JUnitReportReporter -->
<testsuite hostname="DESKTOP-H0PI4DT" failures="0" tests="1" name="appiumMobileAutomationExample.CalAppTestOnRealDevices_ContentDesc" time="22.101" errors="0" timestamp="2022-05-05T20:47:14 IST" skipped="0">
  <testcase classname="appiumMobileAutomationExample.CalAppTestOnRealDevices_ContentDesc" name="addThreeDigitTest" time="22.101"/>
  <system-out/>
</testsuite> <!-- appiumMobileAutomationExample.CalAppTestOnRealDevices_ContentDesc -->
