<?xml version="1.0" encoding="UTF-8"?>
<!-- Generated by org.testng.reporters.JUnitReportReporter -->
<testsuite hostname="DESKTOP-H0PI4DT" failures="0" tests="1" name="restAssuredAPITestExample.SoapXMLRequest" time="5.772" errors="0" timestamp="2022-05-04T20:01:22 IST" skipped="0">
  <testcase classname="restAssuredAPITestExample.SoapXMLRequest" name="validateSoapXML" time="5.772"/>
  <system-out/>
</testsuite> <!-- restAssuredAPITestExample.SoapXMLRequest -->
