<?xml version="1.0" encoding="UTF-8"?>
<!-- Generated by org.testng.reporters.JUnitReportReporter -->
<testsuite hostname="DESKTOP-H0PI4DT" failures="0" tests="1" name="appiumMobileAutomationExample.SendMessageAppTestOnRealDevices_Exercise" time="44.278" errors="0" timestamp="2022-05-09T19:10:37 IST" skipped="0">
  <testcase classname="appiumMobileAutomationExample.SendMessageAppTestOnRealDevices_Exercise" name="addThreeDigitTest" time="44.278"/>
  <system-out/>
</testsuite> <!-- appiumMobileAutomationExample.SendMessageAppTestOnRealDevices_Exercise -->
