<?xml version="1.0" encoding="UTF-8"?>
<!-- Generated by org.testng.reporters.JUnitReportReporter -->
<testsuite hostname="DESKTOP-H0PI4DT" failures="0" tests="1" name="appiumMobileAutomationExample.DemoAppTestOnRealDevices_DragDropTest" time="9.580" errors="0" timestamp="2022-05-06T22:20:57 IST" skipped="0">
  <testcase classname="appiumMobileAutomationExample.DemoAppTestOnRealDevices_DragDropTest" name="verifyViewFeature" time="9.580"/>
  <system-out/>
</testsuite> <!-- appiumMobileAutomationExample.DemoAppTestOnRealDevices_DragDropTest -->
