<?xml version="1.0" encoding="UTF-8"?>
<!-- Generated by org.testng.reporters.JUnitReportReporter -->
<testsuite hostname="DESKTOP-H0PI4DT" failures="0" tests="1" name="appiumMobileAutomationExample.CalculatorAppTestOnVirtualDevices" time="0.188" errors="0" timestamp="2022-05-04T22:06:51 IST" skipped="0">
  <testcase classname="appiumMobileAutomationExample.CalculatorAppTestOnVirtualDevices" name="addTest" time="0.188"/>
  <system-out/>
</testsuite> <!-- appiumMobileAutomationExample.CalculatorAppTestOnVirtualDevices -->
