<?xml version="1.0" encoding="UTF-8"?>
<!-- Generated by org.testng.reporters.JUnitReportReporter -->
<testsuite hostname="DESKTOP-H0PI4DT" failures="0" tests="1" name="appiumMobileAutomationExample.DemoAppTestOnRealDevices_action" time="0.226" errors="0" timestamp="2022-05-06T21:01:03 IST" skipped="0">
  <testcase classname="appiumMobileAutomationExample.DemoAppTestOnRealDevices_action" name="addThreeDigitTest" time="0.226"/>
  <system-out/>
</testsuite> <!-- appiumMobileAutomationExample.DemoAppTestOnRealDevices_action -->
