<?xml version="1.0" encoding="UTF-8"?>
<!-- Generated by org.testng.reporters.JUnitReportReporter -->
<testsuite hostname="DESKTOP-H0PI4DT" failures="0" tests="1" name="appiumMobileAutomationExample.CalAppTestOnRealDevices_ClassName" time="11.425" errors="0" timestamp="2022-05-05T20:57:59 IST" skipped="0">
  <testcase classname="appiumMobileAutomationExample.CalAppTestOnRealDevices_ClassName" name="addThreeDigitTest" time="11.425"/>
  <system-out/>
</testsuite> <!-- appiumMobileAutomationExample.CalAppTestOnRealDevices_ClassName -->
