<?xml version="1.0" encoding="UTF-8"?>
<!-- Generated by org.testng.reporters.JUnitReportReporter -->
<testsuite hostname="DESKTOP-H0PI4DT" failures="0" tests="1" name="appiumtest.RealDeviceTouchAction" time="11.384" errors="0" timestamp="2022-05-06T20:08:58 IST" skipped="0">
  <testcase classname="appiumtest.RealDeviceTouchAction" name="verifyAddTestWithThreeDigitNumber" time="11.384"/>
  <system-out/>
</testsuite> <!-- appiumtest.RealDeviceTouchAction -->
