<?xml version="1.0" encoding="UTF-8"?>
<!-- Generated by org.testng.reporters.JUnitReportReporter -->
<testsuite hostname="DESKTOP-H0PI4DT" failures="0" tests="5" name="appiumMobileAutomationExample.DemoAppTestOnRealDevices_DriverMethods" time="0.728" errors="0" timestamp="2022-05-06T19:22:19 IST" skipped="0">
  <testcase classname="appiumMobileAutomationExample.DemoAppTestOnRealDevices_DriverMethods" name="verifyOrientation" time="0.035"/>
  <system-out/>
  <testcase classname="appiumMobileAutomationExample.DemoAppTestOnRealDevices_DriverMethods" name="verifyBatteryInfo" time="0.163"/>
  <system-out/>
  <testcase classname="appiumMobileAutomationExample.DemoAppTestOnRealDevices_DriverMethods" name="verifyContext" time="0.011"/>
  <system-out/>
  <testcase classname="appiumMobileAutomationExample.DemoAppTestOnRealDevices_DriverMethods" name="verifyDeviceTime" time="0.176"/>
  <system-out/>
  <testcase classname="appiumMobileAutomationExample.DemoAppTestOnRealDevices_DriverMethods" name="verifyLatLong" time="0.343"/>
  <system-out/>
</testsuite> <!-- appiumMobileAutomationExample.DemoAppTestOnRealDevices_DriverMethods -->
