<?xml version="1.0" encoding="UTF-8"?>
<!-- Generated by org.testng.reporters.JUnitReportReporter -->
<testsuite hostname="DESKTOP-H0PI4DT" failures="0" tests="1" name="restAssuredAPITestExample.RESTAPI_GET_Test_StaticImports" time="5.803" errors="0" timestamp="2022-05-03T22:08:58 IST" skipped="0">
  <testcase classname="restAssuredAPITestExample.RESTAPI_GET_Test_StaticImports" name="test_01_listUser" time="5.803"/>
  <system-out/>
</testsuite> <!-- restAssuredAPITestExample.RESTAPI_GET_Test_StaticImports -->
