<?xml version="1.0" encoding="UTF-8"?>
<!-- Generated by org.testng.reporters.JUnitReportReporter -->
<testsuite hostname="DESKTOP-H0PI4DT" failures="0" tests="1" name="appiumMobileAutomationExample.DemoAppTestOnRealDevices_APKFileScrollExample" time="16.868" errors="0" timestamp="2022-05-06T19:43:05 IST" skipped="0">
  <testcase classname="appiumMobileAutomationExample.DemoAppTestOnRealDevices_APKFileScrollExample" name="verifyViewFeature" time="16.868"/>
  <system-out/>
</testsuite> <!-- appiumMobileAutomationExample.DemoAppTestOnRealDevices_APKFileScrollExample -->
