<?xml version="1.0" encoding="UTF-8"?>
<!-- Generated by org.testng.reporters.JUnitReportReporter -->
<testsuite hostname="DESKTOP-H0PI4DT" failures="0" tests="4" name="sauceLabIntegrationExample.HRMLoginTest" time="72.425" errors="0" timestamp="2022-05-02T18:58:08 IST" skipped="0">
  <testcase classname="sauceLabIntegrationExample.HRMLoginTest" name="check_DashboardTest" time="19.592"/>
  <system-out/>
  <testcase classname="sauceLabIntegrationExample.HRMLoginTest" name="check_DashboardTest" time="15.492"/>
  <system-out/>
  <testcase classname="sauceLabIntegrationExample.HRMLoginTest" name="check_WelcomeTest" time="18.247"/>
  <system-out/>
  <testcase classname="sauceLabIntegrationExample.HRMLoginTest" name="check_WelcomeTest" time="19.094"/>
  <system-out/>
</testsuite> <!-- sauceLabIntegrationExample.HRMLoginTest -->
